[0mGET / [36m304 [0m238.839 ms - -[0m
[0mGET /stylesheets/bootstrap.min.css [36m304 [0m8.296 ms - -[0m
[0mGET /javascripts/bootstrap-tooltip.js [36m304 [0m17.864 ms - -[0m
[0mGET /javascripts/bootstrap-popover.js [36m304 [0m17.949 ms - -[0m
[0mGET /javascripts/jquery-smartMenu.js [36m304 [0m17.842 ms - -[0m
[0mGET /javascripts/index.js [36m304 [0m17.102 ms - -[0m
[0mGET /javascripts/bootstrap-datetimepicker.min.js [36m304 [0m15.421 ms - -[0m
[0mGET /stylesheets/smartMenu.css [36m304 [0m36.161 ms - -[0m
[0mGET /javascripts/paging.js [36m304 [0m10.847 ms - -[0m
[0mGET /javascripts/fileHistory.js [36m304 [0m9.392 ms - -[0m
[0mGET /fonts/glyphicons-halflings-regular.woff2 [36m304 [0m2.388 ms - -[0m
[0mGET /taskDialog/submitFile/84/1/%E7%B3%BB%E7%BB%9F%E7%AE%A1%E7%90%86%E5%91%98/%E7%B3%BB%E7%BB%9F%E7%AE%A1%E7%90%86%E5%91%98 [36m304 [0m73.931 ms - -[0m
[0mGET /stylesheets/jquery.fileupload.css [36m304 [0m16.082 ms - -[0m
[0mGET /javascripts/common.js?_=1430882982998 [32m200 [0m13.494 ms - 4277[0m
[0mGET /javascripts/submitFile.js?_=1430882982999 [32m200 [0m5.854 ms - 6421[0m
[0mGET /javascripts/deltask.js?_=1430882983000 [32m200 [0m2.984 ms - 1677[0m
[0mGET /taskDialog/submitFile/84/1/%E7%B3%BB%E7%BB%9F%E7%AE%A1%E7%90%86%E5%91%98/%E7%B3%BB%E7%BB%9F%E7%AE%A1%E7%90%86%E5%91%98 [36m304 [0m153.021 ms - -[0m
[0mGET /stylesheets/jquery.fileupload.css [36m304 [0m19.794 ms - -[0m
[0mGET /javascripts/common.js?_=1430882983001 [32m200 [0m15.375 ms - 4277[0m
[0mGET /javascripts/submitFile.js?_=1430882983002 [32m200 [0m5.026 ms - 6421[0m
[0mGET /javascripts/deltask.js?_=1430882983003 [32m200 [0m2.862 ms - 1677[0m
[0mGET / [36m304 [0m287.274 ms - -[0m
[0mGET /stylesheets/bootstrap.min.css [36m304 [0m13.584 ms - -[0m
[0mGET /stylesheets/smartMenu.css [36m304 [0m7.047 ms - -[0m
[0mGET /javascripts/bootstrap-tooltip.js [36m304 [0m3.307 ms - -[0m
[0mGET /javascripts/bootstrap-popover.js [36m304 [0m3.179 ms - -[0m
[0mGET /javascripts/jquery-smartMenu.js [36m304 [0m2.068 ms - -[0m
[0mGET /javascripts/index.js [36m304 [0m4.331 ms - -[0m
[0mGET /javascripts/bootstrap-datetimepicker.min.js [36m304 [0m5.278 ms - -[0m
[0mGET /javascripts/paging.js [36m304 [0m6.695 ms - -[0m
[0mGET /javascripts/fileHistory.js [36m304 [0m5.238 ms - -[0m
[0mGET /fonts/glyphicons-halflings-regular.woff2 [36m304 [0m1.865 ms - -[0m
[0mGET /taskDialog/submitFile/85/1/%E7%B3%BB%E7%BB%9F%E7%AE%A1%E7%90%86%E5%91%98/%E7%B3%BB%E7%BB%9F%E7%AE%A1%E7%90%86%E5%91%98 [36m304 [0m71.221 ms - -[0m
[0mGET /stylesheets/jquery.fileupload.css [36m304 [0m9.060 ms - -[0m
[0mGET /javascripts/common.js?_=1430883694485 [32m200 [0m15.610 ms - 4277[0m
[0mGET /javascripts/submitFile.js?_=1430883694486 [32m200 [0m4.698 ms - 6421[0m
[0mGET /javascripts/deltask.js?_=1430883694487 [32m200 [0m2.489 ms - 1677[0m
[0mGET / [36m304 [0m293.268 ms - -[0m
[0mGET /stylesheets/bootstrap.min.css [36m304 [0m22.425 ms - -[0m
[0mGET /stylesheets/smartMenu.css [36m304 [0m17.729 ms - -[0m
[0mGET /javascripts/bootstrap-tooltip.js [36m304 [0m6.354 ms - -[0m
[0mGET /javascripts/bootstrap-popover.js [36m304 [0m6.185 ms - -[0m
[0mGET /javascripts/jquery-smartMenu.js [36m304 [0m6.015 ms - -[0m
[0mGET /javascripts/index.js [36m304 [0m5.949 ms - -[0m
[0mGET /javascripts/bootstrap-datetimepicker.min.js [36m304 [0m5.378 ms - -[0m
[0mGET /javascripts/paging.js [36m304 [0m7.208 ms - -[0m
[0mGET /javascripts/fileHistory.js [36m304 [0m5.621 ms - -[0m
[0mGET /fonts/glyphicons-halflings-regular.woff2 [36m304 [0m1.992 ms - -[0m
[0mGET /taskDialog/submitFile/85/1/%E7%B3%BB%E7%BB%9F%E7%AE%A1%E7%90%86%E5%91%98/%E7%B3%BB%E7%BB%9F%E7%AE%A1%E7%90%86%E5%91%98 [36m304 [0m86.085 ms - -[0m
[0mGET /stylesheets/jquery.fileupload.css [36m304 [0m11.162 ms - -[0m
[0mGET /javascripts/common.js?_=1430883736850 [32m200 [0m12.226 ms - 4277[0m
[0mGET /javascripts/submitFile.js?_=1430883736851 [32m200 [0m6.150 ms - 6421[0m
[0mGET /javascripts/deltask.js?_=1430883736852 [32m200 [0m2.617 ms - 1677[0m
[0mGET /file/fileDownLoad/old.zip/old%2Fcrm%E6%9F%90%E6%9F%90%E5%B7%A5%E7%A8%8B1_20150422_020%2Fold.zip [33m404 [0m27.585 ms - 113[0m
